<?xml version="1.0" encoding="UTF-8"?>
<!-- Generated by org.testng.reporters.JUnitReportReporter -->
<testsuite hostname="DESKTOP-UMSRJLA" failures="0" tests="8" name="Parallel_Testing.ParallelTest" time="5.312" errors="0" timestamp="24 Apr 2022 08:37:16 GMT">
  <testcase classname="Parallel_Testing.ParallelTest" name="click" time="0.095"/>
  <testcase classname="Parallel_Testing.ParallelTest" name="dropdown" time="1.555"/>
  <testcase classname="Parallel_Testing.ParallelTest" name="click" time="0.115"/>
  <testcase classname="Parallel_Testing.ParallelTest" name="dropdown" time="1.259"/>
  <testcase classname="Parallel_Testing.ParallelTest" name="createNewAccount" time="0.997"/>
  <testcase classname="Parallel_Testing.ParallelTest" name="createNewAccount" time="1.025"/>
  <testcase classname="Parallel_Testing.ParallelTest" name="radio" time="0.160"/>
  <testcase classname="Parallel_Testing.ParallelTest" name="radio" time="0.106"/>
</testsuite> <!-- Parallel_Testing.ParallelTest -->
