<?xml version="1.0" encoding="UTF-8"?>
<!-- Generated by org.testng.reporters.JUnitReportReporter -->
<testsuite hostname="DESKTOP-UMSRJLA" failures="0" tests="4" name="Parallel_Testing.MultipleBrowsersedge" time="2.151" errors="0" timestamp="21 Apr 2022 18:31:20 GMT">
  <testcase classname="Parallel_Testing.MultipleBrowsersedge" name="dropdown" time="1.145"/>
  <testcase classname="Parallel_Testing.MultipleBrowsersedge" name="click" time="0.076"/>
  <testcase classname="Parallel_Testing.MultipleBrowsersedge" name="createNewAccount" time="0.852"/>
  <testcase classname="Parallel_Testing.MultipleBrowsersedge" name="radio" time="0.078"/>
</testsuite> <!-- Parallel_Testing.MultipleBrowsersedge -->
