<?xml version="1.0" encoding="UTF-8"?>
<!-- Generated by org.testng.reporters.JUnitReportReporter -->
<testsuite hostname="DESKTOP-UMSRJLA" failures="0" tests="15" name="com.Testlayer.Fb_Reg_Test" time="100.080" errors="0" timestamp="24 Apr 2022 08:53:32 GMT">
  <testcase classname="com.Testlayer.Fb_Reg_Test" name="Register" time="6.422"/>
  <testcase classname="com.Testlayer.Fb_Reg_Test" name="Register" time="6.262"/>
  <testcase classname="com.Testlayer.Fb_Reg_Test" name="Register" time="6.146"/>
  <testcase classname="com.Testlayer.Fb_Reg_Test" name="Register" time="6.482"/>
  <testcase classname="com.Testlayer.Fb_Reg_Test" name="Register" time="6.209"/>
  <testcase classname="com.Testlayer.Fb_Reg_Test" name="Register" time="7.990"/>
  <testcase classname="com.Testlayer.Fb_Reg_Test" name="Register" time="8.039"/>
  <testcase classname="com.Testlayer.Fb_Reg_Test" name="Register" time="6.364"/>
  <testcase classname="com.Testlayer.Fb_Reg_Test" name="Register" time="6.869"/>
  <testcase classname="com.Testlayer.Fb_Reg_Test" name="Register" time="6.780"/>
  <testcase classname="com.Testlayer.Fb_Reg_Test" name="Register" time="6.853"/>
  <testcase classname="com.Testlayer.Fb_Reg_Test" name="Register" time="6.150"/>
  <testcase classname="com.Testlayer.Fb_Reg_Test" name="Register" time="6.319"/>
  <testcase classname="com.Testlayer.Fb_Reg_Test" name="Register" time="5.770"/>
  <testcase classname="com.Testlayer.Fb_Reg_Test" name="Register" time="7.425"/>
</testsuite> <!-- com.Testlayer.Fb_Reg_Test -->
